<?xml version="1.0" encoding="UTF-8"?>
<!-- Generated by org.testng.reporters.JUnitXMLReporter -->
<testsuite hostname="Arun-PC" ignored="0" name="Test1" tests="2" failures="1" timestamp="15 Sep 2018 05:11:17 GMT" time="25.647" errors="0">
  <testcase name="login" time="6.883" classname="testcase.TC001_LoginAndLogOut">
    <failure type="java.lang.NullPointerException">
      <![CDATA[java.lang.NullPointerException
at wdMethods.SeMethods.type(SeMethods.java:65)
at testcase.TC001_LoginAndLogOut.login(TC001_LoginAndLogOut.java:15)
... Removed 25 stack frames]]>
    </failure>
  </testcase> <!-- login -->
  <testcase name="CreateLead" time="18.704" classname="testcase.CreateLead_TestCase_001"/>
</testsuite> <!-- Test1 -->
